<?xml version="1.0" encoding="UTF-8"?>
<!-- Generated by org.testng.reporters.JUnitReportReporter -->
<testsuite hostname="DESKTOP-BIF8AF4" failures="0" tests="1" name="popup.Authenticationpopup" time="9.154" errors="0" timestamp="2025-09-01T03:12:42 GMT-07:00" skipped="0">
  <testcase classname="popup.Authenticationpopup" name="popup" time="9.154"/>
  <system-out/>
</testsuite> <!-- popup.Authenticationpopup -->
