<?xml version="1.0" encoding="UTF-8"?>
<!-- Generated by org.testng.reporters.JUnitReportReporter -->
<testsuite hostname="DESKTOP-BIF8AF4" failures="0" tests="1" name="popup.NotificationPopup" time="7.607" errors="0" timestamp="2025-09-02T03:00:16 GMT-07:00" skipped="0">
  <testcase classname="popup.NotificationPopup" name="popup" time="7.607"/>
  <system-out/>
</testsuite> <!-- popup.NotificationPopup -->
