<?xml version="1.0" encoding="UTF-8"?>
<!-- Generated by org.testng.reporters.JUnitReportReporter -->
<testsuite hostname="DESKTOP-BIF8AF4" failures="0" tests="3" name="testngConcept.applicationTest" time="0.018" errors="0" timestamp="2025-08-28T01:41:08 GMT-07:00" skipped="0">
  <testcase classname="testngConcept.applicationTest" name="Amazon" time="0.015"/>
  <system-out/>
  <testcase classname="testngConcept.applicationTest" name="Flipkart" time="0.002"/>
  <system-out/>
  <testcase classname="testngConcept.applicationTest" name="Myntra" time="0.001"/>
  <system-out/>
</testsuite> <!-- testngConcept.applicationTest -->
