<?xml version="1.0" encoding="UTF-8"?>
<!-- Generated by org.testng.reporters.JUnitReportReporter -->
<testsuite hostname="DESKTOP-BIF8AF4" failures="0" tests="1" name="actionDisable.ActionOnHiddenElement" time="6.980" errors="0" timestamp="2025-09-09T02:43:13 GMT-07:00" skipped="0">
  <testcase classname="actionDisable.ActionOnHiddenElement" name="Hidden" time="6.980"/>
  <system-out/>
</testsuite> <!-- actionDisable.ActionOnHiddenElement -->
