<?xml version="1.0" encoding="UTF-8"?>
<!-- Generated by org.testng.reporters.JUnitReportReporter -->
<testsuite hostname="DESKTOP-BIF8AF4" failures="0" tests="1" name="popup.Popupalert" time="10.319" errors="0" timestamp="2025-09-01T02:55:03 GMT-07:00" skipped="0">
  <testcase classname="popup.Popupalert" name="Popup1" time="10.319"/>
  <system-out/>
</testsuite> <!-- popup.Popupalert -->
