<?xml version="1.0" encoding="UTF-8"?>
<!-- Generated by org.testng.reporters.JUnitReportReporter -->
<testsuite hostname="DESKTOP-BIF8AF4" failures="0" tests="1" name="iframe.IframePractice" time="6.426" errors="0" timestamp="2025-08-30T02:51:54 GMT-07:00" skipped="0">
  <testcase classname="iframe.IframePractice" name="netify" time="6.426"/>
  <system-out/>
</testsuite> <!-- iframe.IframePractice -->
