<?xml version="1.0" encoding="UTF-8"?>
<!-- Generated by org.testng.reporters.JUnitReportReporter -->
<testsuite hostname="DESKTOP-BIF8AF4" failures="0" tests="4" name="testngConcept.applicationBrowserTest" time="32.176" errors="0" timestamp="2025-08-28T05:59:11 GMT-07:00" skipped="0">
  <testcase classname="testngConcept.applicationBrowserTest" name="Amazon" time="13.727"/>
  <system-out/>
  <testcase classname="testngConcept.applicationBrowserTest" name="Swiggy" time="2.612"/>
  <system-out/>
  <testcase classname="testngConcept.applicationBrowserTest" name="Flipkart" time="9.654"/>
  <system-out/>
  <testcase classname="testngConcept.applicationBrowserTest" name="Myntra" time="6.183"/>
  <system-out/>
</testsuite> <!-- testngConcept.applicationBrowserTest -->
