<?xml version="1.0" encoding="UTF-8"?>
<!-- Generated by org.testng.reporters.JUnitReportReporter -->
<testsuite hostname="DESKTOP-BIF8AF4" failures="0" tests="1" name="testngConcept.applicationBrowserTest1" time="31.390" errors="0" timestamp="2025-08-28T05:59:11 GMT-07:00" skipped="0">
  <testcase classname="testngConcept.applicationBrowserTest1" name="tira" time="31.390"/>
  <system-out/>
</testsuite> <!-- testngConcept.applicationBrowserTest1 -->
