<?xml version="1.0" encoding="UTF-8"?>
<!-- Generated by org.testng.reporters.JUnitReportReporter -->
<testsuite hostname="DESKTOP-BIF8AF4" failures="0" tests="1" name="popup.ChildWindowHandle" time="6.683" errors="0" timestamp="2025-09-03T02:53:46 GMT-07:00" skipped="0">
  <testcase classname="popup.ChildWindowHandle" name="demo" time="6.683"/>
  <system-out/>
</testsuite> <!-- popup.ChildWindowHandle -->
