<?xml version="1.0" encoding="UTF-8"?>
<!-- Generated by org.testng.reporters.JUnitReportReporter -->
<testsuite hostname="DESKTOP-BIF8AF4" failures="0" tests="1" name="popup.Popup" time="7.744" errors="0" timestamp="2025-09-01T02:29:15 GMT-07:00" skipped="0">
  <testcase classname="popup.Popup" name="demowebshop" time="7.744"/>
  <system-out/>
</testsuite> <!-- popup.Popup -->
