<?xml version="1.0" encoding="UTF-8"?>
<!-- Generated by org.testng.reporters.JUnitReportReporter -->
<testsuite hostname="DESKTOP-BIF8AF4" failures="0" tests="1" name="findElements.FindElements" time="14.965" errors="0" timestamp="2025-09-03T03:32:24 GMT-07:00" skipped="0">
  <testcase classname="findElements.FindElements" name="redbus" time="14.965"/>
  <system-out/>
</testsuite> <!-- findElements.FindElements -->
